c:\kpo\alt\se_lab14\lab14\debug\vc143.pdb
c:\kpo\alt\se_lab14\lab14\debug\vc143.idb
c:\kpo\alt\se_lab14\lab14\debug\semantic.obj
c:\kpo\alt\se_lab14\lab14\debug\polishnotation.obj
c:\kpo\alt\se_lab14\lab14\debug\parm.obj
c:\kpo\alt\se_lab14\lab14\debug\out.obj
c:\kpo\alt\se_lab14\lab14\debug\mfst.obj
c:\kpo\alt\se_lab14\lab14\debug\main.obj
c:\kpo\alt\se_lab14\lab14\debug\lt.obj
c:\kpo\alt\se_lab14\lab14\debug\log.obj
c:\kpo\alt\se_lab14\lab14\debug\lexanalysis.obj
c:\kpo\alt\se_lab14\lab14\debug\it.obj
c:\kpo\alt\se_lab14\lab14\debug\in.obj
c:\kpo\alt\se_lab14\lab14\debug\grb.obj
c:\kpo\alt\se_lab14\lab14\debug\fst.obj
c:\kpo\alt\se_lab14\lab14\debug\error.obj
c:\kpo\alt\se_lab14\lab14\debug\codegeneration.obj
c:\kpo\alt\se_lab14\debug\lab14.exe
c:\kpo\alt\se_lab14\debug\lab14.pdb
c:\kpo\alt\se_lab14\lab14\debug\lab14.ilk
c:\kpo\alt\se_lab14\lab14\debug\lab14.tlog\cl.command.1.tlog
c:\kpo\alt\se_lab14\lab14\debug\lab14.tlog\cl.items.tlog
c:\kpo\alt\se_lab14\lab14\debug\lab14.tlog\cl.read.1.tlog
c:\kpo\alt\se_lab14\lab14\debug\lab14.tlog\cl.write.1.tlog
c:\kpo\alt\se_lab14\lab14\debug\lab14.tlog\link.command.1.tlog
c:\kpo\alt\se_lab14\lab14\debug\lab14.tlog\link.read.1.tlog
c:\kpo\alt\se_lab14\lab14\debug\lab14.tlog\link.secondary.1.tlog
c:\kpo\alt\se_lab14\lab14\debug\lab14.tlog\link.write.1.tlog
